c:\users\corty\source\repos\cs2_internal_trainer\csgo2_internal_trainer\x64\debug\vc143.pdb
c:\users\corty\source\repos\cs2_internal_trainer\csgo2_internal_trainer\x64\debug\vc143.idb
c:\users\corty\source\repos\cs2_internal_trainer\csgo2_internal_trainer\x64\debug\dllmain.obj
c:\users\corty\source\repos\cs2_internal_trainer\csgo2_internal_trainer\x64\debug\targetmanager.obj
c:\users\corty\source\repos\cs2_internal_trainer\csgo2_internal_trainer\x64\debug\memorymanager.obj
c:\users\corty\source\repos\cs2_internal_trainer\csgo2_internal_trainer\x64\debug\localplayer.obj
c:\users\corty\source\repos\cs2_internal_trainer\csgo2_internal_trainer\x64\debug\gameoffset.obj
c:\users\corty\source\repos\cs2_internal_trainer\csgo2_internal_trainer\x64\debug\entitylist.obj
c:\users\corty\source\repos\cs2_internal_trainer\csgo2_internal_trainer\x64\debug\basicmath.obj
c:\users\corty\source\repos\cs2_internal_trainer\csgo2_internal_trainer\x64\debug\entity.h.ifc
c:\users\corty\source\repos\cs2_internal_trainer\csgo2_internal_trainer\x64\debug\entity.h.ifc.d.json
c:\users\corty\source\repos\cs2_internal_trainer\csgo2_internal_trainer\x64\debug\entity.h.obj
c:\users\corty\source\repos\cs2_internal_trainer\cs2_internal_trainer\csgo2_internal_trainer\x64\debug\entity.h.module.json
c:\users\corty\source\repos\cs2_internal_trainer\csgo2_internal_trainer\x64\debug\entity.h.module.json
c:\users\corty\source\repos\cs2_internal_trainer\csgo2_internal_trainer\x64\debug\cs2_internal_trainer.ilk
c:\users\corty\source\repos\cs2_internal_trainer\csgo2_internal_trainer\x64\debug\dllmain.obj.enc
c:\users\corty\source\repos\cs2_internal_trainer\csgo2_internal_trainer\x64\debug\entity.h.obj.enc
c:\users\corty\source\repos\cs2_internal_trainer\x64\debug\cs2_internal_trainer.pdb
c:\users\corty\source\repos\cs2_internal_trainer\csgo2_internal_trainer\x64\debug\cs2_inte.9361a7bc.tlog\cl.command.1.tlog
c:\users\corty\source\repos\cs2_internal_trainer\csgo2_internal_trainer\x64\debug\cs2_inte.9361a7bc.tlog\cl.items.tlog
c:\users\corty\source\repos\cs2_internal_trainer\csgo2_internal_trainer\x64\debug\cs2_inte.9361a7bc.tlog\cl.read.1.tlog
c:\users\corty\source\repos\cs2_internal_trainer\csgo2_internal_trainer\x64\debug\cs2_inte.9361a7bc.tlog\cl.write.1.tlog
c:\users\corty\source\repos\cs2_internal_trainer\csgo2_internal_trainer\x64\debug\cs2_inte.9361a7bc.tlog\link-cvtres.read.1.tlog
c:\users\corty\source\repos\cs2_internal_trainer\csgo2_internal_trainer\x64\debug\cs2_inte.9361a7bc.tlog\link-cvtres.write.1.tlog
c:\users\corty\source\repos\cs2_internal_trainer\csgo2_internal_trainer\x64\debug\cs2_inte.9361a7bc.tlog\link-rc.read.1.tlog
c:\users\corty\source\repos\cs2_internal_trainer\csgo2_internal_trainer\x64\debug\cs2_inte.9361a7bc.tlog\link-rc.write.1.tlog
c:\users\corty\source\repos\cs2_internal_trainer\csgo2_internal_trainer\x64\debug\cs2_inte.9361a7bc.tlog\link.command.1.tlog
c:\users\corty\source\repos\cs2_internal_trainer\csgo2_internal_trainer\x64\debug\cs2_inte.9361a7bc.tlog\link.read.1.tlog
c:\users\corty\source\repos\cs2_internal_trainer\csgo2_internal_trainer\x64\debug\cs2_inte.9361a7bc.tlog\link.read.2.tlog
c:\users\corty\source\repos\cs2_internal_trainer\csgo2_internal_trainer\x64\debug\cs2_inte.9361a7bc.tlog\link.secondary.1.tlog
c:\users\corty\source\repos\cs2_internal_trainer\csgo2_internal_trainer\x64\debug\cs2_inte.9361a7bc.tlog\link.write.1.tlog
c:\users\corty\source\repos\cs2_internal_trainer\csgo2_internal_trainer\x64\debug\cs2_inte.9361a7bc_md.tlog\cl.command.1.tlog
c:\users\corty\source\repos\cs2_internal_trainer\csgo2_internal_trainer\x64\debug\cs2_inte.9361a7bc_md.tlog\microsoft.build.cpptasks.cl.read.1.tlog
c:\users\corty\source\repos\cs2_internal_trainer\csgo2_internal_trainer\x64\debug\cs2_inte.9361a7bc_md.tlog\microsoft.build.cpptasks.cl.write.1.tlog
